<?xml version="1.0" encoding="UTF-8"?>
<!-- Generated by org.testng.reporters.JUnitReportReporter -->
<testsuite skipped="0" hostname="DESKTOP-1JFVJKC" name="leaf.Lead.AttributeValidations" tests="2" failures="0" timestamp="27 May 2018 02:47:26 GMT" time="30.970" errors="0">
  <testcase name="createLead" time="11.641" classname="leaf.Lead.AttributeValidations"/>
  <testcase name="editLead" time="19.329" classname="leaf.Lead.AttributeValidations"/>
</testsuite> <!-- leaf.Lead.AttributeValidations -->
