<?xml version="1.0" encoding="UTF-8"?>
<!-- Generated by org.testng.reporters.JUnitReportReporter -->
<testsuite skipped="0" hostname="DESKTOP-1JFVJKC" name="leaf.Lead.EditLead" tests="1" failures="0" timestamp="27 May 2018 06:05:59 GMT" time="15.360" errors="0">
  <testcase name="EditLead" time="15.360" classname="leaf.Lead.EditLead"/>
</testsuite> <!-- leaf.Lead.EditLead -->
