<?xml version="1.0" encoding="UTF-8"?>
<!-- Generated by org.testng.reporters.JUnitReportReporter -->
<testsuite skipped="0" hostname="DESKTOP-1JFVJKC" name="testcases.CreateLead" tests="1" failures="0" timestamp="26 May 2018 04:49:17 GMT" time="143.196" errors="0">
  <testcase name="login" time="143.196" classname="testcases.CreateLead"/>
</testsuite> <!-- testcases.CreateLead -->
