<?xml version="1.0" encoding="UTF-8"?>
<!-- Generated by org.testng.reporters.JUnitReportReporter -->
<testsuite skipped="0" hostname="DESKTOP-1JFVJKC" name="leaf.Lead.CreateLead" tests="1" failures="0" timestamp="27 May 2018 06:05:59 GMT" time="14.021" errors="0">
  <testcase name="createLead" time="14.021" classname="leaf.Lead.CreateLead"/>
</testsuite> <!-- leaf.Lead.CreateLead -->
