<?xml version="1.0" encoding="UTF-8"?>
<!-- Generated by org.testng.reporters.JUnitReportReporter -->
<testsuite skipped="0" hostname="DESKTOP-1JFVJKC" name="leaf.Lead.LearnAnnotation" tests="2" failures="0" timestamp="27 May 2018 03:58:26 GMT" time="0.016" errors="0">
  <testcase name="Test2" time="0.000" classname="leaf.Lead.LearnAnnotation"/>
  <testcase name="Test" time="0.016" classname="leaf.Lead.LearnAnnotation"/>
</testsuite> <!-- leaf.Lead.LearnAnnotation -->
