<?xml version="1.0" encoding="UTF-8"?>
<!-- Generated by org.testng.reporters.JUnitReportReporter -->
<testsuite skipped="0" hostname="DESKTOP-1JFVJKC" name="leaf.Lead.DeleteLead" tests="1" failures="0" timestamp="27 May 2018 06:05:59 GMT" time="16.844" errors="0">
  <testcase name="deleteLead" time="16.844" classname="leaf.Lead.DeleteLead"/>
</testsuite> <!-- leaf.Lead.DeleteLead -->
