<?xml version="1.0" encoding="UTF-8"?>
<!-- Generated by org.testng.reporters.JUnitReportReporter -->
<testsuite skipped="0" hostname="DESKTOP-1JFVJKC" name="leaf.Lead.ClassTest0527" tests="3" failures="0" timestamp="27 May 2018 04:26:09 GMT" time="51.563" errors="0">
  <testcase name="createLead" time="11.512" classname="leaf.Lead.ClassTest0527"/>
  <testcase name="MergeLead" time="23.910" classname="leaf.Lead.ClassTest0527"/>
  <testcase name="EditLead" time="16.141" classname="leaf.Lead.ClassTest0527"/>
</testsuite> <!-- leaf.Lead.ClassTest0527 -->
