<?xml version="1.0" encoding="UTF-8"?>
<!-- Generated by org.testng.reporters.JUnitReportReporter -->
<testsuite skipped="0" hostname="DESKTOP-1JFVJKC" name="leaf.Lead.CreateLeadCucumber" tests="1" failures="0" timestamp="09 Jun 2018 13:43:24 GMT" time="20.290" errors="0">
  <testcase name="createLead" time="20.290" classname="leaf.Lead.CreateLeadCucumber"/>
</testsuite> <!-- leaf.Lead.CreateLeadCucumber -->
