<?xml version="1.0" encoding="UTF-8"?>
<!-- Generated by org.testng.reporters.JUnitReportReporter -->
<testsuite skipped="0" hostname="DESKTOP-1JFVJKC" name="leaf.Lead.DublicateLead" tests="1" failures="0" timestamp="27 May 2018 06:05:59 GMT" time="141.767" errors="0">
  <testcase name="duplicateLead" time="141.767" classname="leaf.Lead.DublicateLead"/>
</testsuite> <!-- leaf.Lead.DublicateLead -->
